2026-04-15 17:34:56,336 - ERROR - City Miami coordinates not found
2026-04-15 17:34:56,337 - WARNING - Skipping year 1998 for city Miami
2026-04-15 17:34:56,337 - INFO - Waiting 2.0 seconds...
2026-04-15 17:34:58,338 - ERROR - City Miami coordinates not found
2026-04-15 17:34:58,338 - WARNING - Skipping year 1999 for city Miami
2026-04-15 17:34:58,339 - INFO - Waiting 2.0 seconds...
2026-04-15 17:35:00,340 - ERROR - City Miami coordinates not found
2026-04-15 17:35:00,340 - WARNING - Skipping year 2000 for city Miami
2026-04-15 17:35:00,341 - INFO - Waiting 2.0 seconds...
2026-04-15 17:35:02,343 - ERROR - City Miami coordinates not found
2026-04-15 17:35:02,344 - WARNING - Skipping year 2001 for city Miami
2026-04-15 17:35:02,375 - INFO - Waiting 2.0 seconds...
2026-04-15 17:35:04,376 - ERROR - City Miami coordinates not found
2026-04-15 17:35:04,376 - WARNING - Skipping year 2002 for city Miami
2026-04-15 17:35:04,377 - INFO - Waiting 2.0 seconds...
2026-04-15 17:35:06,378 - ERROR - City Miami coordinates not found
2026-04-15 17:35:06,378 - WARNING - Skipping year 2003 for city Miami
2026-04-15 17:35:06,382 - INFO - Waiting 2.0 seconds...
2026-04-15 17:35:08,383 - ERROR - City Miami coordinates not found
2026-04-15 17:35:08,383 - WARNING - Skipping year 2004 for city Miami
2026-04-15 17:35:08,384 - INFO - Waiting 2.0 seconds...
2026-04-15 17:35:10,385 - ERROR - City Miami coordinates not found
2026-04-15 17:35:10,386 - WARNING - Skipping year 2005 for city Miami
2026-04-15 17:35:10,386 - INFO - Waiting 2.0 seconds...
2026-04-15 17:35:12,387 - ERROR - City Miami coordinates not found
2026-04-15 17:35:12,387 - WARNING - Skipping year 2006 for city Miami
2026-04-15 17:35:12,387 - INFO - Waiting 2.0 seconds...
2026-04-15 17:35:14,388 - ERROR - City Miami coordinates not found
2026-04-15 17:35:14,388 - WARNING - Skipping year 2007 for city Miami
2026-04-15 17:35:14,388 - INFO - Waiting 2.0 seconds...
2026-04-15 17:35:16,390 - ERROR - City Miami coordinates not found
2026-04-15 17:35:16,390 - WARNING - Skipping year 2008 for city Miami
2026-04-15 17:35:16,390 - INFO - Waiting 2.0 seconds...
2026-04-15 17:35:18,392 - ERROR - City Miami coordinates not found
2026-04-15 17:35:18,392 - WARNING - Skipping year 2009 for city Miami
2026-04-15 17:35:18,392 - INFO - Waiting 2.0 seconds...
2026-04-15 17:35:20,394 - ERROR - City Miami coordinates not found
2026-04-15 17:35:20,394 - WARNING - Skipping year 2010 for city Miami
2026-04-15 17:35:20,394 - INFO - Waiting 2.0 seconds...
2026-04-15 17:35:22,395 - ERROR - City Miami coordinates not found
2026-04-15 17:35:22,395 - WARNING - Skipping year 2011 for city Miami
2026-04-15 17:35:22,395 - INFO - Waiting 2.0 seconds...
2026-04-15 17:35:24,396 - ERROR - City Miami coordinates not found
2026-04-15 17:35:24,396 - WARNING - Skipping year 2012 for city Miami
2026-04-15 17:35:24,396 - INFO - Waiting 2.0 seconds...
2026-04-15 17:35:26,397 - ERROR - City Miami coordinates not found
2026-04-15 17:35:26,397 - WARNING - Skipping year 2013 for city Miami
2026-04-15 17:35:26,397 - INFO - Waiting 2.0 seconds...
2026-04-15 17:35:28,398 - ERROR - City Miami coordinates not found
2026-04-15 17:35:28,398 - WARNING - Skipping year 2014 for city Miami
2026-04-15 17:35:28,398 - INFO - Waiting 2.0 seconds...
2026-04-15 17:35:30,399 - ERROR - City Miami coordinates not found
2026-04-15 17:35:30,399 - WARNING - Skipping year 2015 for city Miami
2026-04-15 17:35:30,400 - INFO - Waiting 2.0 seconds...
2026-04-15 17:35:32,401 - ERROR - City Miami coordinates not found
2026-04-15 17:35:32,401 - WARNING - Skipping year 2016 for city Miami
2026-04-15 17:35:32,401 - INFO - Waiting 2.0 seconds...
2026-04-15 17:35:34,403 - ERROR - City Miami coordinates not found
2026-04-15 17:35:34,403 - WARNING - Skipping year 2017 for city Miami
2026-04-15 17:35:34,403 - INFO - Waiting 2.0 seconds...
2026-04-15 17:35:36,404 - ERROR - City Miami coordinates not found
2026-04-15 17:35:36,404 - WARNING - Skipping year 2018 for city Miami
2026-04-15 17:35:36,404 - INFO - Waiting 2.0 seconds...
2026-04-15 17:35:38,405 - ERROR - City Miami coordinates not found
2026-04-15 17:35:38,405 - WARNING - Skipping year 2019 for city Miami
2026-04-15 17:35:38,405 - INFO - Waiting 2.0 seconds...
2026-04-15 17:35:40,406 - ERROR - City Miami coordinates not found
2026-04-15 17:35:40,406 - WARNING - Skipping year 2020 for city Miami
2026-04-15 17:35:40,407 - INFO - Waiting 2.0 seconds...
2026-04-15 17:35:42,407 - ERROR - City Miami coordinates not found
2026-04-15 17:35:42,407 - WARNING - Skipping year 2021 for city Miami
2026-04-15 17:35:42,407 - INFO - Waiting 2.0 seconds...
2026-04-15 17:35:44,409 - ERROR - City Miami coordinates not found
2026-04-15 17:35:44,409 - WARNING - Skipping year 2022 for city Miami
2026-04-15 17:35:44,409 - INFO - Waiting 2.0 seconds...
2026-04-15 17:35:46,410 - ERROR - City Miami coordinates not found
2026-04-15 17:35:46,410 - WARNING - Skipping year 2023 for city Miami
2026-04-15 17:35:46,410 - INFO - Waiting 2.0 seconds...
2026-04-15 17:35:48,412 - ERROR - City Miami coordinates not found
2026-04-15 17:35:48,412 - WARNING - Skipping year 2024 for city Miami
2026-04-15 17:35:48,412 - ERROR - No data downloaded successfully for Miami
2026-04-15 17:35:53,414 - INFO - Downloading Phoenix 1998 data from goes_aggregated...
2026-04-15 17:36:36,398 - INFO - Successfully downloaded Phoenix 1998 data, 8760 records
2026-04-15 17:36:36,400 - INFO - Waiting 2.0 seconds...
2026-04-15 17:36:38,400 - INFO - Downloading Phoenix 1999 data from goes_aggregated...
2026-04-15 17:37:18,907 - INFO - Successfully downloaded Phoenix 1999 data, 8760 records
2026-04-15 17:37:18,908 - INFO - Waiting 2.0 seconds...
2026-04-15 17:37:20,910 - INFO - Downloading Phoenix 2000 data from goes_aggregated...
2026-04-15 17:38:02,206 - INFO - Successfully downloaded Phoenix 2000 data, 8760 records
2026-04-15 17:38:02,207 - INFO - Waiting 2.0 seconds...
2026-04-15 17:38:04,208 - INFO - Downloading Phoenix 2001 data from goes_aggregated...
2026-04-15 17:38:41,854 - INFO - Successfully downloaded Phoenix 2001 data, 8760 records
2026-04-15 17:38:41,855 - INFO - Waiting 2.0 seconds...
2026-04-15 17:38:43,856 - INFO - Downloading Phoenix 2002 data from goes_aggregated...
2026-04-15 17:39:28,443 - INFO - Successfully downloaded Phoenix 2002 data, 8760 records
2026-04-15 17:39:28,444 - INFO - Waiting 2.0 seconds...
2026-04-15 17:39:30,445 - INFO - Downloading Phoenix 2003 data from goes_aggregated...
2026-04-15 17:40:15,304 - INFO - Successfully downloaded Phoenix 2003 data, 8760 records
2026-04-15 17:40:15,304 - INFO - Waiting 2.0 seconds...
2026-04-15 17:40:17,306 - INFO - Downloading Phoenix 2004 data from goes_aggregated...
2026-04-15 17:40:52,784 - INFO - Successfully downloaded Phoenix 2004 data, 8760 records
2026-04-15 17:40:52,785 - INFO - Waiting 2.0 seconds...
2026-04-15 17:40:54,786 - INFO - Downloading Phoenix 2005 data from goes_aggregated...
2026-04-15 17:41:23,154 - INFO - Successfully downloaded Phoenix 2005 data, 8760 records
2026-04-15 17:41:23,155 - INFO - Waiting 2.0 seconds...
2026-04-15 17:41:25,156 - INFO - Downloading Phoenix 2006 data from goes_aggregated...
2026-04-15 17:41:58,084 - INFO - Successfully downloaded Phoenix 2006 data, 8760 records
2026-04-15 17:41:58,084 - INFO - Waiting 2.0 seconds...
2026-04-15 17:42:00,085 - INFO - Downloading Phoenix 2007 data from goes_aggregated...
2026-04-15 17:42:48,638 - INFO - Successfully downloaded Phoenix 2007 data, 8760 records
2026-04-15 17:42:48,639 - INFO - Waiting 2.0 seconds...
2026-04-15 17:42:50,641 - INFO - Downloading Phoenix 2008 data from goes_aggregated...
2026-04-15 17:43:23,376 - INFO - Successfully downloaded Phoenix 2008 data, 8760 records
2026-04-15 17:43:23,378 - INFO - Waiting 2.0 seconds...
2026-04-15 17:43:25,379 - INFO - Downloading Phoenix 2009 data from goes_aggregated...
2026-04-15 17:43:48,550 - INFO - Successfully downloaded Phoenix 2009 data, 8760 records
2026-04-15 17:43:48,551 - INFO - Waiting 2.0 seconds...
2026-04-15 17:43:50,552 - INFO - Downloading Phoenix 2010 data from goes_aggregated...
2026-04-15 17:44:29,700 - INFO - Successfully downloaded Phoenix 2010 data, 8760 records
2026-04-15 17:44:29,700 - INFO - Waiting 2.0 seconds...
2026-04-15 17:44:31,701 - INFO - Downloading Phoenix 2011 data from goes_aggregated...
2026-04-15 17:45:04,183 - INFO - Successfully downloaded Phoenix 2011 data, 8760 records
2026-04-15 17:45:04,184 - INFO - Waiting 2.0 seconds...
2026-04-15 17:45:06,185 - INFO - Downloading Phoenix 2012 data from goes_aggregated...
2026-04-15 17:45:40,175 - INFO - Successfully downloaded Phoenix 2012 data, 8760 records
2026-04-15 17:45:40,175 - INFO - Waiting 2.0 seconds...
2026-04-15 17:45:42,176 - INFO - Downloading Phoenix 2013 data from goes_aggregated...
2026-04-15 17:46:16,421 - INFO - Successfully downloaded Phoenix 2013 data, 8760 records
2026-04-15 17:46:16,422 - INFO - Waiting 2.0 seconds...
2026-04-15 17:46:18,423 - INFO - Downloading Phoenix 2014 data from goes_aggregated...
2026-04-15 17:46:52,219 - INFO - Successfully downloaded Phoenix 2014 data, 8760 records
2026-04-15 17:46:52,220 - INFO - Waiting 2.0 seconds...
2026-04-15 17:46:54,221 - INFO - Downloading Phoenix 2015 data from goes_aggregated...
2026-04-15 17:47:42,077 - INFO - Successfully downloaded Phoenix 2015 data, 8760 records
2026-04-15 17:47:42,077 - INFO - Waiting 2.0 seconds...
2026-04-15 17:47:44,078 - INFO - Downloading Phoenix 2016 data from goes_aggregated...
2026-04-15 17:48:27,987 - INFO - Successfully downloaded Phoenix 2016 data, 8760 records
2026-04-15 17:48:27,988 - INFO - Waiting 2.0 seconds...
2026-04-15 17:48:29,990 - INFO - Downloading Phoenix 2017 data from goes_aggregated...
2026-04-15 17:49:07,209 - INFO - Successfully downloaded Phoenix 2017 data, 8760 records
2026-04-15 17:49:07,209 - INFO - Waiting 2.0 seconds...
2026-04-15 17:49:09,210 - INFO - Downloading Phoenix 2018 data from goes_aggregated...
2026-04-15 17:49:48,968 - INFO - Successfully downloaded Phoenix 2018 data, 8760 records
2026-04-15 17:49:48,969 - INFO - Waiting 2.0 seconds...
2026-04-15 17:49:50,969 - INFO - Downloading Phoenix 2019 data from goes_aggregated...
2026-04-15 17:50:23,286 - INFO - Successfully downloaded Phoenix 2019 data, 8760 records
2026-04-15 17:50:23,287 - INFO - Waiting 2.0 seconds...
2026-04-15 17:50:25,288 - INFO - Downloading Phoenix 2020 data from goes_aggregated...
2026-04-15 17:50:53,410 - INFO - Successfully downloaded Phoenix 2020 data, 8760 records
2026-04-15 17:50:53,411 - INFO - Waiting 2.0 seconds...
2026-04-15 17:50:55,412 - INFO - Downloading Phoenix 2021 data from goes_aggregated...
2026-04-15 17:51:26,798 - INFO - Successfully downloaded Phoenix 2021 data, 8760 records
2026-04-15 17:51:26,798 - INFO - Waiting 2.0 seconds...
2026-04-15 17:51:28,799 - INFO - Downloading Phoenix 2022 data from goes_aggregated...
2026-04-15 17:52:07,022 - INFO - Successfully downloaded Phoenix 2022 data, 8760 records
2026-04-15 17:52:07,024 - INFO - Waiting 2.0 seconds...
2026-04-15 17:52:09,025 - INFO - Downloading Phoenix 2023 data from goes_aggregated...
2026-04-15 17:52:38,041 - INFO - Successfully downloaded Phoenix 2023 data, 8760 records
2026-04-15 17:52:38,042 - INFO - Waiting 2.0 seconds...
2026-04-15 17:52:40,043 - INFO - Downloading Phoenix 2024 data from goes_aggregated...
2026-04-15 17:53:14,448 - INFO - Successfully downloaded Phoenix 2024 data, 8760 records
2026-04-15 17:53:14,464 - INFO - Successfully combined 27 years data for Phoenix, total 236520 records
2026-04-15 17:53:16,786 - INFO - Data saved to: ./data/NSRDB\nsrdb_phoenix_1998-2024.csv
